<?xml version="1.0" encoding="UTF-8"?>
<!-- Generated by org.testng.reporters.JUnitReportReporter -->
<testsuite hostname="MYTSP01824" failures="0" tests="1" name="Day_Selenium" time="5.664" errors="0" timestamp="2021-03-31T12:23:40 IST" skipped="0">
  <testcase classname="Day_Selenium" name="login" time="5.664"/>
  <system-out/>
</testsuite> <!-- Day_Selenium -->
