<?xml version="1.0" encoding="UTF-8"?>
<!-- Generated by org.testng.reporters.JUnitReportReporter -->
<testsuite hostname="MYTSP01824" failures="0" tests="3" name="Day3_Selenium" time="26.824" errors="0" timestamp="2021-03-30T16:35:07 IST" skipped="0">
  <testcase classname="Day3_Selenium" name="z" time="7.674"/>
  <system-out/>
  <testcase classname="Day3_Selenium" name="x" time="10.009"/>
  <system-out/>
  <testcase classname="Day3_Selenium" name="y" time="9.141"/>
  <system-out/>
</testsuite> <!-- Day3_Selenium -->
